Determining if the pthread_create exist failed with the following output:
Change Dir: /home/robond/catkin_ws/build/CMakeFiles/CMakeTmp

Run Build Command:"/usr/bin/make" "cmTC_85522/fast"
/usr/bin/make -f CMakeFiles/cmTC_85522.dir/build.make CMakeFiles/cmTC_85522.dir/build
make[1]: Entering directory '/home/robond/catkin_ws/build/CMakeFiles/CMakeTmp'
Building C object CMakeFiles/cmTC_85522.dir/CheckSymbolExists.c.o
/usr/bin/cc     -o CMakeFiles/cmTC_85522.dir/CheckSymbolExists.c.o   -c /home/robond/catkin_ws/build/CMakeFiles/CMakeTmp/CheckSymbolExists.c
Linking C executable cmTC_85522
/usr/bin/cmake -E cmake_link_script CMakeFiles/cmTC_85522.dir/link.txt --verbose=1
/usr/bin/cc       CMakeFiles/cmTC_85522.dir/CheckSymbolExists.c.o  -o cmTC_85522 -rdynamic 
CMakeFiles/cmTC_85522.dir/CheckSymbolExists.c.o: In function `main':
CheckSymbolExists.c:(.text+0x16): undefined reference to `pthread_create'
collect2: error: ld returned 1 exit status
CMakeFiles/cmTC_85522.dir/build.make:97: recipe for target 'cmTC_85522' failed
make[1]: *** [cmTC_85522] Error 1
make[1]: Leaving directory '/home/robond/catkin_ws/build/CMakeFiles/CMakeTmp'
Makefile:126: recipe for target 'cmTC_85522/fast' failed
make: *** [cmTC_85522/fast] Error 2

File /home/robond/catkin_ws/build/CMakeFiles/CMakeTmp/CheckSymbolExists.c:
/* */
#include <pthread.h>

int main(int argc, char** argv)
{
  (void)argv;
#ifndef pthread_create
  return ((int*)(&pthread_create))[argc];
#else
  (void)argc;
  return 0;
#endif
}

Determining if the function pthread_create exists in the pthreads failed with the following output:
Change Dir: /home/robond/catkin_ws/build/CMakeFiles/CMakeTmp

Run Build Command:"/usr/bin/make" "cmTC_bfaee/fast"
/usr/bin/make -f CMakeFiles/cmTC_bfaee.dir/build.make CMakeFiles/cmTC_bfaee.dir/build
make[1]: Entering directory '/home/robond/catkin_ws/build/CMakeFiles/CMakeTmp'
Building C object CMakeFiles/cmTC_bfaee.dir/CheckFunctionExists.c.o
/usr/bin/cc    -DCHECK_FUNCTION_EXISTS=pthread_create   -o CMakeFiles/cmTC_bfaee.dir/CheckFunctionExists.c.o   -c /usr/share/cmake-3.5/Modules/CheckFunctionExists.c
Linking C executable cmTC_bfaee
/usr/bin/cmake -E cmake_link_script CMakeFiles/cmTC_bfaee.dir/link.txt --verbose=1
/usr/bin/cc   -DCHECK_FUNCTION_EXISTS=pthread_create    CMakeFiles/cmTC_bfaee.dir/CheckFunctionExists.c.o  -o cmTC_bfaee -rdynamic -lpthreads 
/usr/bin/ld: cannot find -lpthreads
collect2: error: ld returned 1 exit status
CMakeFiles/cmTC_bfaee.dir/build.make:97: recipe for target 'cmTC_bfaee' failed
make[1]: *** [cmTC_bfaee] Error 1
make[1]: Leaving directory '/home/robond/catkin_ws/build/CMakeFiles/CMakeTmp'
Makefile:126: recipe for target 'cmTC_bfaee/fast' failed
make: *** [cmTC_bfaee/fast] Error 2


